
2016-07-04 11:11:07...installerHook: Could not find custom/install/install_hooks.php
2016-07-04 11:11:46...Begin System Check Process *************
2016-07-04 11:11:46...XML Parsing Support Found
2016-07-04 11:11:46...MBString Support Found
2016-07-04 11:11:46...ZIP Support Found
2016-07-04 11:11:46.../custom directory and subdirectory check passed
2016-07-04 11:11:46...cache directory and subdirectory check passed
2016-07-04 11:11:51.../module  directory and subdirectory check passed
2016-07-04 11:11:51.../upload directory check passed
2016-07-04 11:11:51.../zip check passed
2016-07-04 11:11:51...PCRE version check passed
2016-07-04 11:11:51...installerHook: Could not find custom/install/install_hooks.php
2016-07-04 11:11:51...php.ini location found. C:\xampp\php\php.ini
2016-07-04 11:11:51...Outputting HTML for System check
2016-07-04 11:11:51...No Errors were found *************
2016-07-04 11:11:53...installerHook: Could not find custom/install/install_hooks.php
2016-07-04 11:12:22...installerHook: Could not find custom/install/install_hooks.php
2016-07-04 11:12:51...Begin DB Check Process *************
2016-07-04 11:12:51...testing with mysql:mysqli
2016-07-04 11:12:51...Basic form info is valid, continuing Process.
2016-07-04 11:12:51...Testing user account...
2016-07-04 11:12:51...ERROR::  The provided database host, username, and/or password is invalid, and a connection to the database could not be established.  Please enter a valid host, username and password
2016-07-04 11:12:51...FATAL:: errors have been detected!  User will not be allowed to continue.  Errors are as follow:
2016-07-04 11:12:51..... The provided database host, username, and/or password is invalid, and a connection to the database could not be established.  Please enter a valid host, username and password
2016-07-04 11:12:51...End DB Check Process *************
2016-07-04 11:13:06...Begin DB Check Process *************
2016-07-04 11:13:06...testing with mysql:mysqli
2016-07-04 11:13:06...Basic form info is valid, continuing Process.
2016-07-04 11:13:06...Testing user account...
2016-07-04 11:13:06...Connection made using  host: localhost, usr: root
2016-07-04 11:13:06...SUCCESS:: no errors detected!
2016-07-04 11:13:06...End DB Check Process *************
2016-07-04 11:13:07...installerHook: Could not find custom/install/install_hooks.php
2016-07-04 11:13:07...calling handleSugarConfig()
2016-07-04 11:13:07...calling handleHtaccess()
2016-07-04 11:13:07...calling handleDbCreateDatabase()
2016-07-04 11:13:09...looping through all the Beans and create their tables
2016-07-04 11:13:09...processing table acl_actions
2016-07-04 11:13:10...creating table acl_actions
2016-07-04 11:13:10...creating Relationship Meta for ACLAction
2016-07-04 11:13:10...processing table acl_roles
2016-07-04 11:13:10...creating table acl_roles
2016-07-04 11:13:10...creating Relationship Meta for ACLRole
2016-07-04 11:13:10...processing table relationships
2016-07-04 11:13:10...creating table relationships
2016-07-04 11:13:10...creating Relationship Meta for Relationship
2016-07-04 11:13:11...processing table leads
2016-07-04 11:13:12...creating table leads
2016-07-04 11:13:12...creating Relationship Meta for Lead
2016-07-04 11:13:13...processing table cases
2016-07-04 11:13:15...creating table cases
2016-07-04 11:13:15...creating Relationship Meta for Case
2016-07-04 11:13:16...processing table bugs
2016-07-04 11:13:17...creating table bugs
2016-07-04 11:13:17...creating Relationship Meta for Bug
2016-07-04 11:13:17...processing table users
2016-07-04 11:13:18...creating table users
2016-07-04 11:13:18...creating Relationship Meta for User
2016-07-04 11:13:18...processing table campaign_log
2016-07-04 11:13:19...creating table campaign_log
2016-07-04 11:13:19...creating Relationship Meta for CampaignLog
2016-07-04 11:13:19...processing table project
2016-07-04 11:13:19...creating table project
2016-07-04 11:13:19...creating Relationship Meta for Project
2016-07-04 11:13:20...processing table project_task
2016-07-04 11:13:21...creating table project_task
2016-07-04 11:13:21...creating Relationship Meta for ProjectTask
2016-07-04 11:13:21...processing table campaigns
2016-07-04 11:13:22...creating table campaigns
2016-07-04 11:13:22...creating Relationship Meta for Campaign
2016-07-04 11:13:23...processing table prospect_lists
2016-07-04 11:13:23...creating table prospect_lists
2016-07-04 11:13:23...creating Relationship Meta for ProspectList
2016-07-04 11:13:24...processing table prospects
2016-07-04 11:13:24...creating table prospects
2016-07-04 11:13:24...creating Relationship Meta for Prospect
2016-07-04 11:13:25...processing table email_marketing
2016-07-04 11:13:26...creating table email_marketing
2016-07-04 11:13:26...creating Relationship Meta for EmailMarketing
2016-07-04 11:13:26...processing table campaign_trkrs
2016-07-04 11:13:26...creating table campaign_trkrs
2016-07-04 11:13:26...creating Relationship Meta for CampaignTracker
2016-07-04 11:13:26...processing table releases
2016-07-04 11:13:27...creating table releases
2016-07-04 11:13:27...creating Relationship Meta for Release
2016-07-04 11:13:27...processing table emailman
2016-07-04 11:13:27...creating table emailman
2016-07-04 11:13:27...creating Relationship Meta for EmailMan
2016-07-04 11:13:27...processing table schedulers
2016-07-04 11:13:27...creating table schedulers
2016-07-04 11:13:27...creating Relationship Meta for Scheduler
2016-07-04 11:13:28...processing table job_queue
2016-07-04 11:13:28...creating table job_queue
2016-07-04 11:13:28...creating Relationship Meta for SchedulersJob
2016-07-04 11:13:28...processing table contacts
2016-07-04 11:13:29...creating table contacts
2016-07-04 11:13:29...creating Relationship Meta for Contact
2016-07-04 11:13:30...processing table accounts
2016-07-04 11:13:32...creating table accounts
2016-07-04 11:13:32...creating Relationship Meta for Account
2016-07-04 11:13:32...processing table opportunities
2016-07-04 11:13:34...creating table opportunities
2016-07-04 11:13:34...creating Relationship Meta for Opportunity
2016-07-04 11:13:34...processing table email_templates
2016-07-04 11:13:36...creating table email_templates
2016-07-04 11:13:36...creating Relationship Meta for EmailTemplate
2016-07-04 11:13:36...processing table notes
2016-07-04 11:13:37...creating table notes
2016-07-04 11:13:37...creating Relationship Meta for Note
2016-07-04 11:13:37...processing table calls
2016-07-04 11:13:38...creating table calls
2016-07-04 11:13:38...creating Relationship Meta for Call
2016-07-04 11:13:38...processing table emails
2016-07-04 11:13:39...creating table emails
2016-07-04 11:13:39...creating Relationship Meta for Email
2016-07-04 11:13:39...processing table meetings
2016-07-04 11:13:40...creating table meetings
2016-07-04 11:13:40...creating Relationship Meta for Meeting
2016-07-04 11:13:41...processing table tasks
2016-07-04 11:13:42...creating table tasks
2016-07-04 11:13:42...creating Relationship Meta for Task
2016-07-04 11:13:43...processing table users
2016-07-04 11:13:43...processing table users
2016-07-04 11:13:43...processing table currencies
2016-07-04 11:13:43...creating table currencies
2016-07-04 11:13:43...creating Relationship Meta for Currency
2016-07-04 11:13:43...processing table tracker
2016-07-04 11:13:44...creating table tracker
2016-07-04 11:13:44...creating Relationship Meta for Tracker
2016-07-04 11:13:44...processing table import_maps
2016-07-04 11:13:44...creating table import_maps
2016-07-04 11:13:44...creating Relationship Meta for ImportMap
2016-07-04 11:13:44...processing table users_last_import
2016-07-04 11:13:44...creating table users_last_import
2016-07-04 11:13:44...creating Relationship Meta for UsersLastImport
2016-07-04 11:13:44...processing table config
2016-07-04 11:13:45...creating table config
2016-07-04 11:13:45...creating Relationship Meta for Administration
2016-07-04 11:13:45...processing table upgrade_history
2016-07-04 11:13:45...creating table upgrade_history
2016-07-04 11:13:45...creating Relationship Meta for UpgradeHistory
2016-07-04 11:13:45...processing table vcals
2016-07-04 11:13:45...creating table vcals
2016-07-04 11:13:45...creating Relationship Meta for vCal
2016-07-04 11:13:46...processing table alerts
2016-07-04 11:13:46...creating table alerts
2016-07-04 11:13:46...creating Relationship Meta for Alert
2016-07-04 11:13:46...processing table roles
2016-07-04 11:13:46...creating table roles
2016-07-04 11:13:46...creating Relationship Meta for Role
2016-07-04 11:13:46...processing table documents
2016-07-04 11:13:47...creating table documents
2016-07-04 11:13:47...creating Relationship Meta for Document
2016-07-04 11:13:47...processing table document_revisions
2016-07-04 11:13:48...creating table document_revisions
2016-07-04 11:13:48...creating Relationship Meta for DocumentRevision
2016-07-04 11:13:48...processing table fields_meta_data
2016-07-04 11:13:48...creating table fields_meta_data
2016-07-04 11:13:48...creating Relationship Meta for FieldsMetaData
2016-07-04 11:13:48...processing table inbound_email
2016-07-04 11:13:48...creating table inbound_email
2016-07-04 11:13:48...creating Relationship Meta for InboundEmail
2016-07-04 11:13:48...processing table saved_search
2016-07-04 11:13:49...creating table saved_search
2016-07-04 11:13:49...creating Relationship Meta for SavedSearch
2016-07-04 11:13:49...processing table user_preferences
2016-07-04 11:13:50...creating table user_preferences
2016-07-04 11:13:50...creating Relationship Meta for UserPreference
2016-07-04 11:13:50...processing table 
2016-07-04 11:13:50...processing table email_addresses
2016-07-04 11:13:50...creating table email_addresses
2016-07-04 11:13:50...creating Relationship Meta for EmailAddress
2016-07-04 11:13:50...processing table emails_text
2016-07-04 11:13:50...creating table emails_text
2016-07-04 11:13:50...creating Relationship Meta for EmailText
2016-07-04 11:13:50...processing table sugarfeed
2016-07-04 11:13:53...creating table sugarfeed
2016-07-04 11:13:53...creating Relationship Meta for SugarFeed
2016-07-04 11:13:53...processing table eapm
2016-07-04 11:13:54...creating table eapm
2016-07-04 11:13:54...creating Relationship Meta for EAPM
2016-07-04 11:13:55...processing table oauth_consumer
2016-07-04 11:13:55...creating table oauth_consumer
2016-07-04 11:13:55...creating Relationship Meta for OAuthKey
2016-07-04 11:13:55...processing table oauth_tokens
2016-07-04 11:13:56...creating table oauth_tokens
2016-07-04 11:13:56...creating Relationship Meta for OAuthToken
2016-07-04 11:13:56...processing table am_projecttemplates
2016-07-04 11:13:57...creating table am_projecttemplates
2016-07-04 11:13:57...creating Relationship Meta for AM_ProjectTemplates
2016-07-04 11:13:57...processing table am_tasktemplates
2016-07-04 11:13:59...creating table am_tasktemplates
2016-07-04 11:13:59...creating Relationship Meta for AM_TaskTemplates
2016-07-04 11:14:00...processing table favorites
2016-07-04 11:14:01...creating table favorites
2016-07-04 11:14:01...creating Relationship Meta for Favorites
2016-07-04 11:14:01...processing table aok_knowledge_base_categories
2016-07-04 11:14:02...creating table aok_knowledge_base_categories
2016-07-04 11:14:02...creating Relationship Meta for AOK_Knowledge_Base_Categories
2016-07-04 11:14:02...processing table aok_knowledgebase
2016-07-04 11:14:03...creating table aok_knowledgebase
2016-07-04 11:14:03...creating Relationship Meta for AOK_KnowledgeBase
2016-07-04 11:14:03...processing table reminders
2016-07-04 11:14:04...creating table reminders
2016-07-04 11:14:04...creating Relationship Meta for Reminder
2016-07-04 11:14:04...processing table reminders_invitees
2016-07-04 11:14:05...creating table reminders_invitees
2016-07-04 11:14:05...creating Relationship Meta for Reminder_Invitee
2016-07-04 11:14:05...processing table fp_events
2016-07-04 11:14:06...creating table fp_events
2016-07-04 11:14:06...creating Relationship Meta for FP_events
2016-07-04 11:14:06...processing table fp_event_locations
2016-07-04 11:14:07...creating table fp_event_locations
2016-07-04 11:14:07...creating Relationship Meta for FP_Event_Locations
2016-07-04 11:14:07...processing table aod_indexevent
2016-07-04 11:14:08...creating table aod_indexevent
2016-07-04 11:14:08...creating Relationship Meta for AOD_IndexEvent
2016-07-04 11:14:08...processing table aod_index
2016-07-04 11:14:09...creating table aod_index
2016-07-04 11:14:09...creating Relationship Meta for AOD_Index
2016-07-04 11:14:10...processing table aop_case_events
2016-07-04 11:14:11...creating table aop_case_events
2016-07-04 11:14:11...creating Relationship Meta for AOP_Case_Events
2016-07-04 11:14:11...processing table aop_case_updates
2016-07-04 11:14:12...creating table aop_case_updates
2016-07-04 11:14:12...creating Relationship Meta for AOP_Case_Updates
2016-07-04 11:14:12...processing table aor_reports
2016-07-04 11:14:13...creating table aor_reports
2016-07-04 11:14:13...creating Relationship Meta for AOR_Report
2016-07-04 11:14:13...processing table aor_fields
2016-07-04 11:14:14...creating table aor_fields
2016-07-04 11:14:14...creating Relationship Meta for AOR_Field
2016-07-04 11:14:14...processing table aor_charts
2016-07-04 11:14:14...creating table aor_charts
2016-07-04 11:14:14...creating Relationship Meta for AOR_Chart
2016-07-04 11:14:14...processing table aor_conditions
2016-07-04 11:14:14...creating table aor_conditions
2016-07-04 11:14:14...creating Relationship Meta for AOR_Condition
2016-07-04 11:14:15...processing table aor_scheduled_reports
2016-07-04 11:14:15...creating table aor_scheduled_reports
2016-07-04 11:14:15...creating Relationship Meta for AOR_Scheduled_Reports
2016-07-04 11:14:15...processing table aos_contracts
2016-07-04 11:14:16...creating table aos_contracts
2016-07-04 11:14:16...creating Relationship Meta for AOS_Contracts
2016-07-04 11:14:17...processing table aos_invoices
2016-07-04 11:14:18...creating table aos_invoices
2016-07-04 11:14:18...creating Relationship Meta for AOS_Invoices
2016-07-04 11:14:18...processing table aos_pdf_templates
2016-07-04 11:14:19...creating table aos_pdf_templates
2016-07-04 11:14:19...creating Relationship Meta for AOS_PDF_Templates
2016-07-04 11:14:19...processing table aos_product_categories
2016-07-04 11:14:21...creating table aos_product_categories
2016-07-04 11:14:21...creating Relationship Meta for AOS_Product_Categories
2016-07-04 11:14:21...processing table aos_products
2016-07-04 11:14:22...creating table aos_products
2016-07-04 11:14:22...creating Relationship Meta for AOS_Products
2016-07-04 11:14:22...processing table aos_products_quotes
2016-07-04 11:14:23...creating table aos_products_quotes
2016-07-04 11:14:23...creating Relationship Meta for AOS_Products_Quotes
2016-07-04 11:14:23...processing table aos_line_item_groups
2016-07-04 11:14:24...creating table aos_line_item_groups
2016-07-04 11:14:24...creating Relationship Meta for AOS_Line_Item_Groups
2016-07-04 11:14:24...processing table aos_quotes
2016-07-04 11:14:25...creating table aos_quotes
2016-07-04 11:14:25...creating Relationship Meta for AOS_Quotes
2016-07-04 11:14:25...processing table aow_actions
2016-07-04 11:14:26...creating table aow_actions
2016-07-04 11:14:26...creating Relationship Meta for AOW_Action
2016-07-04 11:14:26...processing table aow_workflow
2016-07-04 11:14:27...creating table aow_workflow
2016-07-04 11:14:27...creating Relationship Meta for AOW_WorkFlow
2016-07-04 11:14:27...processing table aow_processed
2016-07-04 11:14:28...creating table aow_processed
2016-07-04 11:14:28...creating Relationship Meta for AOW_Processed
2016-07-04 11:14:28...processing table aow_conditions
2016-07-04 11:14:28...creating table aow_conditions
2016-07-04 11:14:28...creating Relationship Meta for AOW_Condition
2016-07-04 11:14:29...processing table jjwg_maps
2016-07-04 11:14:30...creating table jjwg_maps
2016-07-04 11:14:30...creating Relationship Meta for jjwg_Maps
2016-07-04 11:14:30...processing table jjwg_markers
2016-07-04 11:14:32...creating table jjwg_markers
2016-07-04 11:14:32...creating Relationship Meta for jjwg_Markers
2016-07-04 11:14:32...processing table jjwg_areas
2016-07-04 11:14:33...creating table jjwg_areas
2016-07-04 11:14:33...creating Relationship Meta for jjwg_Areas
2016-07-04 11:14:33...processing table jjwg_address_cache
2016-07-04 11:14:34...creating table jjwg_address_cache
2016-07-04 11:14:34...creating Relationship Meta for jjwg_Address_Cache
2016-07-04 11:14:34...processing table calls_reschedule
2016-07-04 11:14:36...creating table calls_reschedule
2016-07-04 11:14:36...creating Relationship Meta for Calls_Reschedule
2016-07-04 11:14:36...processing table securitygroups
2016-07-04 11:14:37...creating table securitygroups
2016-07-04 11:14:37...creating Relationship Meta for SecurityGroup
2016-07-04 11:14:37...processing table outbound_email
2016-07-04 11:14:38...creating table outbound_email
2016-07-04 11:14:38...creating Relationship Meta for OutboundEmailAccounts
2016-07-04 11:14:38...processing table templatesectionline
2016-07-04 11:14:39...creating table templatesectionline
2016-07-04 11:14:39...creating Relationship Meta for TemplateSectionLine
2016-07-04 11:15:08...Begin creating Defaults
2016-07-04 11:15:08...insert defaults into config table
2016-07-04 11:15:09...Creating default users
2016-07-04 11:15:09...Creating default scheduler jobs
2016-07-04 11:15:09...Enable SugarFeeds
2016-07-04 11:15:10...Installation has completed *********
2016-07-04 11:15:52...populating the db with seed data
2016-07-04 11:15:52...Save configuration settings..
2016-07-04 11:15:52...save locale
2016-07-04 11:15:52...new Administration
2016-07-04 11:15:52...retrieveSettings
2016-07-04 11:15:52...AdminWizard OFF
2016-07-04 11:15:52...saveConfig
2016-07-04 11:15:52...new Configurator
2016-07-04 11:15:52...populateFromPost
2016-07-04 11:15:52...handleOverride
2016-07-04 11:15:52...saveConfig
2016-07-04 11:15:52...new Currency
2016-07-04 11:15:52...retrieve
2016-07-04 11:15:52...DBG: save currency
2016-07-04 11:15:52...Save user settings..
2016-07-04 11:15:52...DBG: SugarThemeRegistry::getDefault
2016-07-04 11:15:52...DBG: require modules/Users/Save.php
2016-11-18 06:00:37...installerHook: Could not find custom/install/install_hooks.php
2016-11-18 06:00:37...installerHook: Could not find custom/install/install_hooks.php